<?xml version="1.0" encoding="UTF-8"?>
<!-- Generated by org.testng.reporters.JUnitReportReporter -->
<testsuite hostname="DESKTOP-TO5HMTO" failures="0" tests="2" name="test.StandAlondTest" time="9.136" errors="0" timestamp="2024-02-17T12:17:05 EET" skipped="0">
  <testcase classname="test.StandAlondTest" name="f" time="0.004"/>
  <testcase classname="test.StandAlondTest" name="test" time="9.132"/>
</testsuite> <!-- test.StandAlondTest -->
